<?xml version="1.0" encoding="UTF-8"?>
<testsuite name="co.edu.uniquindio.proyecto.test.ModeradorTest" tests="1" skipped="0" failures="0" errors="0" timestamp="2023-04-11T04:16:21" hostname="LAPTOP-KCTR6UKO" time="0.506">
  <properties/>
  <testcase name="login()" classname="co.edu.uniquindio.proyecto.test.ModeradorTest" time="0.506"/>
  <system-out><![CDATA[23:16:12.367 [Test worker] DEBUG org.springframework.boot.test.context.SpringBootTestContextBootstrapper - Neither @ContextConfiguration nor @ContextHierarchy found for test class [ModeradorTest]: using SpringBootContextLoader
23:16:12.386 [Test worker] DEBUG org.springframework.test.context.support.AbstractContextLoader - Could not detect default resource locations for test class [co.edu.uniquindio.proyecto.test.ModeradorTest]: no resource found for suffixes {-context.xml, Context.groovy}.
23:16:12.388 [Test worker] INFO org.springframework.test.context.support.AnnotationConfigContextLoaderUtils - Could not detect default configuration classes for test class [co.edu.uniquindio.proyecto.test.ModeradorTest]: ModeradorTest does not declare any static, non-private, non-final, nested classes annotated with @Configuration.
23:16:12.470 [Test worker] DEBUG org.springframework.boot.test.context.SpringBootTestContextBootstrapper - Using ContextCustomizers for test class [ModeradorTest]: [DisableObservabilityContextCustomizer, PropertyMappingContextCustomizer, Customizer, ExcludeFilterContextCustomizer, DuplicateJsonObjectContextCustomizer, MockitoContextCustomizer, TestRestTemplateContextCustomizer]
23:16:12.788 [Test worker] DEBUG org.springframework.context.annotation.ClassPathScanningCandidateComponentProvider - Identified candidate component class: file [C:\Users\pasb2\Desktop\Cursos\Java\IdeaProjects\Unimarket\build\classes\java\main\co\edu\uniquindio\proyecto\ProyectoApplication.class]
23:16:12.790 [Test worker] INFO org.springframework.boot.test.context.SpringBootTestContextBootstrapper - Found @SpringBootConfiguration co.edu.uniquindio.proyecto.ProyectoApplication for test class co.edu.uniquindio.proyecto.test.ModeradorTest
23:16:13.054 [Test worker] DEBUG org.springframework.boot.test.context.SpringBootTestContextBootstrapper - Using TestExecutionListeners for test class [ModeradorTest]: [ServletTestExecutionListener, DirtiesContextBeforeModesTestExecutionListener, ApplicationEventsTestExecutionListener, MockitoTestExecutionListener, DependencyInjectionTestExecutionListener, DirtiesContextTestExecutionListener, TransactionalTestExecutionListener, SqlScriptsTestExecutionListener, EventPublishingTestExecutionListener, RestDocsTestExecutionListener, MockRestServiceServerResetTestExecutionListener, MockMvcPrintOnlyOnFailureTestExecutionListener, WebDriverTestExecutionListener, MockWebServiceServerTestExecutionListener, ResetMocksTestExecutionListener]
23:16:13.058 [Test worker] DEBUG org.springframework.test.context.support.AbstractDirtiesContextTestExecutionListener - Before test class: class [ModeradorTest], class annotated with @DirtiesContext [false] with mode [null]

  .   ____          _            __ _ _
 /\\ / ___'_ __ _ _(_)_ __  __ _ \ \ \ \
( ( )\___ | '_ | '_| | '_ \/ _` | \ \ \ \
 \\/  ___)| |_)| | | | | || (_| |  ) ) ) )
  '  |____| .__|_| |_|_| |_\__, | / / / /
 =========|_|==============|___/=/_/_/_/
 :: Spring Boot ::                (v3.0.1)

2023-04-10T23:16:13.637-05:00  INFO 39240 --- [    Test worker] c.e.u.proyecto.test.ModeradorTest        : Starting ModeradorTest using Java 17.0.6 with PID 39240 (started by pasb2 in C:\Users\pasb2\Desktop\Cursos\Java\IdeaProjects\Unimarket)
2023-04-10T23:16:13.640-05:00  INFO 39240 --- [    Test worker] c.e.u.proyecto.test.ModeradorTest        : No active profile set, falling back to 1 default profile: "default"
2023-04-10T23:16:15.349-05:00  INFO 39240 --- [    Test worker] .s.d.r.c.RepositoryConfigurationDelegate : Bootstrapping Spring Data JPA repositories in DEFAULT mode.
2023-04-10T23:16:15.515-05:00  INFO 39240 --- [    Test worker] .s.d.r.c.RepositoryConfigurationDelegate : Finished Spring Data repository scanning in 151 ms. Found 9 JPA repository interfaces.
2023-04-10T23:16:16.429-05:00  INFO 39240 --- [    Test worker] o.hibernate.jpa.internal.util.LogHelper  : HHH000204: Processing PersistenceUnitInfo [name: default]
2023-04-10T23:16:16.548-05:00  INFO 39240 --- [    Test worker] org.hibernate.Version                    : HHH000412: Hibernate ORM core version 6.1.6.Final
2023-04-10T23:16:16.879-05:00  WARN 39240 --- [    Test worker] org.hibernate.orm.deprecation            : HHH90000021: Encountered deprecated setting [javax.persistence.sharedCache.mode], use [jakarta.persistence.sharedCache.mode] instead
2023-04-10T23:16:17.081-05:00  INFO 39240 --- [    Test worker] com.zaxxer.hikari.HikariDataSource       : HikariPool-1 - Starting...
2023-04-10T23:16:17.706-05:00  INFO 39240 --- [    Test worker] com.zaxxer.hikari.pool.HikariPool        : HikariPool-1 - Added connection com.mysql.cj.jdbc.ConnectionImpl@3ce7394f
2023-04-10T23:16:17.711-05:00  INFO 39240 --- [    Test worker] com.zaxxer.hikari.HikariDataSource       : HikariPool-1 - Start completed.
2023-04-10T23:16:17.847-05:00  INFO 39240 --- [    Test worker] SQL dialect                              : HHH000400: Using dialect: org.hibernate.dialect.MySQLDialect
2023-04-10T23:16:18.192-05:00  WARN 39240 --- [    Test worker] org.hibernate.cfg.AnnotationBinder       : HHH000503: A class should not be annotated with both @Inheritance and @MappedSuperclass. @Inheritance will be ignored for: co.edu.uniquindio.proyecto.entidades.Persona.
2023-04-10T23:16:19.470-05:00  INFO 39240 --- [    Test worker] o.h.e.t.j.p.i.JtaPlatformInitiator       : HHH000490: Using JtaPlatform implementation: [org.hibernate.engine.transaction.jta.platform.internal.NoJtaPlatform]
2023-04-10T23:16:19.483-05:00  INFO 39240 --- [    Test worker] j.LocalContainerEntityManagerFactoryBean : Initialized JPA EntityManagerFactory for persistence unit 'default'
2023-04-10T23:16:20.692-05:00  WARN 39240 --- [    Test worker] JpaBaseConfiguration$JpaWebConfiguration : spring.jpa.open-in-view is enabled by default. Therefore, database queries may be performed during view rendering. Explicitly configure spring.jpa.open-in-view to disable this warning
2023-04-10T23:16:21.352-05:00  WARN 39240 --- [    Test worker] .s.s.UserDetailsServiceAutoConfiguration : 

Using generated security password: 18fd5c5f-7993-4a0f-9725-4a5705f36aa0

This generated password is for development use only. Your security configuration must be updated before running your application in production.

2023-04-10T23:16:21.540-05:00  INFO 39240 --- [    Test worker] o.s.s.web.DefaultSecurityFilterChain     : Will secure any request with [org.springframework.security.web.session.DisableEncodeUrlFilter@78ae34f7, org.springframework.security.web.context.request.async.WebAsyncManagerIntegrationFilter@3eb4fdd5, org.springframework.security.web.context.SecurityContextHolderFilter@3fe70a2d, org.springframework.security.web.header.HeaderWriterFilter@5ce34685, org.springframework.security.web.csrf.CsrfFilter@258e5601, org.springframework.security.web.authentication.logout.LogoutFilter@29e8c09c, org.springframework.security.web.authentication.UsernamePasswordAuthenticationFilter@4e09c3b0, org.springframework.security.web.authentication.ui.DefaultLoginPageGeneratingFilter@28ec92c9, org.springframework.security.web.authentication.ui.DefaultLogoutPageGeneratingFilter@19070326, org.springframework.security.web.authentication.www.BasicAuthenticationFilter@d4962bd, org.springframework.security.web.savedrequest.RequestCacheAwareFilter@7b80ac30, org.springframework.security.web.servletapi.SecurityContextHolderAwareRequestFilter@3de507af, org.springframework.security.web.authentication.AnonymousAuthenticationFilter@52dfd7f5, org.springframework.security.web.access.ExceptionTranslationFilter@261d7ee2, org.springframework.security.web.access.intercept.AuthorizationFilter@1dbe592f]
2023-04-10T23:16:21.622-05:00  INFO 39240 --- [    Test worker] c.e.u.proyecto.test.ModeradorTest        : Started ModeradorTest in 8.47 seconds (process running for 13.736)
Hibernate: select m1_0.codigo,m1_0.email,m1_0.nombre,m1_0.password from moderador m1_0 where m1_0.email=? and m1_0.password=?
moderador = Alejandro Guiterrez
]]></system-out>
  <system-err><![CDATA[]]></system-err>
</testsuite>
