<?xml version="1.0" encoding="UTF-8"?>
<testsuite name="co.edu.uniquindio.proyecto.test.ComentarioTest" tests="1" skipped="0" failures="0" errors="0" timestamp="2023-03-27T18:34:26" hostname="LAPTOP-H7N64LQB" time="0.482">
  <properties/>
  <testcase name="crearComentarioTest()" classname="co.edu.uniquindio.proyecto.test.ComentarioTest" time="0.482"/>
  <system-out><![CDATA[13:34:17.668 [Test worker] DEBUG org.springframework.boot.test.context.SpringBootTestContextBootstrapper - Neither @ContextConfiguration nor @ContextHierarchy found for test class [ComentarioTest]: using SpringBootContextLoader
13:34:17.676 [Test worker] DEBUG org.springframework.test.context.support.AbstractContextLoader - Could not detect default resource locations for test class [co.edu.uniquindio.proyecto.test.ComentarioTest]: no resource found for suffixes {-context.xml, Context.groovy}.
13:34:17.678 [Test worker] INFO org.springframework.test.context.support.AnnotationConfigContextLoaderUtils - Could not detect default configuration classes for test class [co.edu.uniquindio.proyecto.test.ComentarioTest]: ComentarioTest does not declare any static, non-private, non-final, nested classes annotated with @Configuration.
13:34:17.727 [Test worker] DEBUG org.springframework.boot.test.context.SpringBootTestContextBootstrapper - Using ContextCustomizers for test class [ComentarioTest]: [DisableObservabilityContextCustomizer, PropertyMappingContextCustomizer, Customizer, ExcludeFilterContextCustomizer, DuplicateJsonObjectContextCustomizer, MockitoContextCustomizer, TestRestTemplateContextCustomizer]
13:34:17.835 [Test worker] DEBUG org.springframework.context.annotation.ClassPathScanningCandidateComponentProvider - Identified candidate component class: file [D:\Ing. de Sistemas y Computacion\10.Decimo Semestre\Programación Avanzada\Programas\UniMarket\build\classes\java\main\co\edu\uniquindio\proyecto\ProyectoApplication.class]
13:34:17.837 [Test worker] INFO org.springframework.boot.test.context.SpringBootTestContextBootstrapper - Found @SpringBootConfiguration co.edu.uniquindio.proyecto.ProyectoApplication for test class co.edu.uniquindio.proyecto.test.ComentarioTest
13:34:17.987 [Test worker] DEBUG org.springframework.boot.test.context.SpringBootTestContextBootstrapper - Using TestExecutionListeners for test class [ComentarioTest]: [ServletTestExecutionListener, DirtiesContextBeforeModesTestExecutionListener, ApplicationEventsTestExecutionListener, MockitoTestExecutionListener, DependencyInjectionTestExecutionListener, DirtiesContextTestExecutionListener, TransactionalTestExecutionListener, SqlScriptsTestExecutionListener, EventPublishingTestExecutionListener, RestDocsTestExecutionListener, MockRestServiceServerResetTestExecutionListener, MockMvcPrintOnlyOnFailureTestExecutionListener, WebDriverTestExecutionListener, MockWebServiceServerTestExecutionListener, ResetMocksTestExecutionListener]
13:34:17.989 [Test worker] DEBUG org.springframework.test.context.support.AbstractDirtiesContextTestExecutionListener - Before test class: class [ComentarioTest], class annotated with @DirtiesContext [false] with mode [null]

  .   ____          _            __ _ _
 /\\ / ___'_ __ _ _(_)_ __  __ _ \ \ \ \
( ( )\___ | '_ | '_| | '_ \/ _` | \ \ \ \
 \\/  ___)| |_)| | | | | || (_| |  ) ) ) )
  '  |____| .__|_| |_|_| |_\__, | / / / /
 =========|_|==============|___/=/_/_/_/
 :: Spring Boot ::                (v3.0.1)

2023-03-27T13:34:18.539-05:00  INFO 3660 --- [    Test worker] c.e.u.proyecto.test.ComentarioTest       : Starting ComentarioTest using Java 17.0.6 with PID 3660 (started by acer in D:\Ing. de Sistemas y Computacion\10.Decimo Semestre\Programación Avanzada\Programas\UniMarket)
2023-03-27T13:34:18.542-05:00  INFO 3660 --- [    Test worker] c.e.u.proyecto.test.ComentarioTest       : No active profile set, falling back to 1 default profile: "default"
2023-03-27T13:34:20.014-05:00  INFO 3660 --- [    Test worker] .s.d.r.c.RepositoryConfigurationDelegate : Bootstrapping Spring Data JPA repositories in DEFAULT mode.
2023-03-27T13:34:20.174-05:00  INFO 3660 --- [    Test worker] .s.d.r.c.RepositoryConfigurationDelegate : Finished Spring Data repository scanning in 147 ms. Found 9 JPA repository interfaces.
2023-03-27T13:34:20.909-05:00  INFO 3660 --- [    Test worker] o.hibernate.jpa.internal.util.LogHelper  : HHH000204: Processing PersistenceUnitInfo [name: default]
2023-03-27T13:34:21.033-05:00  INFO 3660 --- [    Test worker] org.hibernate.Version                    : HHH000412: Hibernate ORM core version 6.1.6.Final
2023-03-27T13:34:21.395-05:00  WARN 3660 --- [    Test worker] org.hibernate.orm.deprecation            : HHH90000021: Encountered deprecated setting [javax.persistence.sharedCache.mode], use [jakarta.persistence.sharedCache.mode] instead
2023-03-27T13:34:21.653-05:00  INFO 3660 --- [    Test worker] com.zaxxer.hikari.HikariDataSource       : HikariPool-1 - Starting...
2023-03-27T13:34:22.568-05:00  INFO 3660 --- [    Test worker] com.zaxxer.hikari.pool.HikariPool        : HikariPool-1 - Added connection com.mysql.cj.jdbc.ConnectionImpl@655621fd
2023-03-27T13:34:22.571-05:00  INFO 3660 --- [    Test worker] com.zaxxer.hikari.HikariDataSource       : HikariPool-1 - Start completed.
2023-03-27T13:34:22.661-05:00  INFO 3660 --- [    Test worker] SQL dialect                              : HHH000400: Using dialect: org.hibernate.dialect.MySQLDialect
2023-03-27T13:34:22.957-05:00  WARN 3660 --- [    Test worker] org.hibernate.cfg.AnnotationBinder       : HHH000503: A class should not be annotated with both @Inheritance and @MappedSuperclass. @Inheritance will be ignored for: co.edu.uniquindio.proyecto.entidades.Persona.
2023-03-27T13:34:24.418-05:00  INFO 3660 --- [    Test worker] o.h.e.t.j.p.i.JtaPlatformInitiator       : HHH000490: Using JtaPlatform implementation: [org.hibernate.engine.transaction.jta.platform.internal.NoJtaPlatform]
2023-03-27T13:34:24.433-05:00  INFO 3660 --- [    Test worker] j.LocalContainerEntityManagerFactoryBean : Initialized JPA EntityManagerFactory for persistence unit 'default'
2023-03-27T13:34:25.592-05:00  WARN 3660 --- [    Test worker] JpaBaseConfiguration$JpaWebConfiguration : spring.jpa.open-in-view is enabled by default. Therefore, database queries may be performed during view rendering. Explicitly configure spring.jpa.open-in-view to disable this warning
2023-03-27T13:34:26.347-05:00  INFO 3660 --- [    Test worker] c.e.u.proyecto.test.ComentarioTest       : Started ComentarioTest in 8.229 seconds (process running for 10.136)
]]></system-out>
  <system-err><![CDATA[]]></system-err>
</testsuite>
