<?xml version="1.0" encoding="UTF-8"?>
<testsuite name="co.edu.uniquindio.proyecto.test.ProductoTest" tests="1" skipped="0" failures="0" errors="0" timestamp="2023-04-10T16:35:30" hostname="LAPTOP-H7N64LQB" time="0.646">
  <properties/>
  <testcase name="crearProductoTest()" classname="co.edu.uniquindio.proyecto.test.ProductoTest" time="0.646"/>
  <system-out><![CDATA[11:35:21.549 [Test worker] DEBUG org.springframework.boot.test.context.SpringBootTestContextBootstrapper - Neither @ContextConfiguration nor @ContextHierarchy found for test class [ProductoTest]: using SpringBootContextLoader
11:35:21.560 [Test worker] DEBUG org.springframework.test.context.support.AbstractContextLoader - Could not detect default resource locations for test class [co.edu.uniquindio.proyecto.test.ProductoTest]: no resource found for suffixes {-context.xml, Context.groovy}.
11:35:21.561 [Test worker] INFO org.springframework.test.context.support.AnnotationConfigContextLoaderUtils - Could not detect default configuration classes for test class [co.edu.uniquindio.proyecto.test.ProductoTest]: ProductoTest does not declare any static, non-private, non-final, nested classes annotated with @Configuration.
11:35:21.633 [Test worker] DEBUG org.springframework.boot.test.context.SpringBootTestContextBootstrapper - Using ContextCustomizers for test class [ProductoTest]: [DisableObservabilityContextCustomizer, PropertyMappingContextCustomizer, Customizer, ExcludeFilterContextCustomizer, DuplicateJsonObjectContextCustomizer, MockitoContextCustomizer, TestRestTemplateContextCustomizer]
11:35:21.782 [Test worker] DEBUG org.springframework.context.annotation.ClassPathScanningCandidateComponentProvider - Identified candidate component class: file [D:\Ing. de Sistemas y Computacion\10.Decimo Semestre\Programación Avanzada\Programas\UniMarket\build\classes\java\main\co\edu\uniquindio\proyecto\ProyectoApplication.class]
11:35:21.785 [Test worker] INFO org.springframework.boot.test.context.SpringBootTestContextBootstrapper - Found @SpringBootConfiguration co.edu.uniquindio.proyecto.ProyectoApplication for test class co.edu.uniquindio.proyecto.test.ProductoTest
11:35:21.963 [Test worker] DEBUG org.springframework.boot.test.context.SpringBootTestContextBootstrapper - Using TestExecutionListeners for test class [ProductoTest]: [ServletTestExecutionListener, DirtiesContextBeforeModesTestExecutionListener, ApplicationEventsTestExecutionListener, MockitoTestExecutionListener, DependencyInjectionTestExecutionListener, DirtiesContextTestExecutionListener, TransactionalTestExecutionListener, SqlScriptsTestExecutionListener, EventPublishingTestExecutionListener, RestDocsTestExecutionListener, MockRestServiceServerResetTestExecutionListener, MockMvcPrintOnlyOnFailureTestExecutionListener, WebDriverTestExecutionListener, MockWebServiceServerTestExecutionListener, ResetMocksTestExecutionListener]
11:35:21.965 [Test worker] DEBUG org.springframework.test.context.support.AbstractDirtiesContextTestExecutionListener - Before test class: class [ProductoTest], class annotated with @DirtiesContext [false] with mode [null]

  .   ____          _            __ _ _
 /\\ / ___'_ __ _ _(_)_ __  __ _ \ \ \ \
( ( )\___ | '_ | '_| | '_ \/ _` | \ \ \ \
 \\/  ___)| |_)| | | | | || (_| |  ) ) ) )
  '  |____| .__|_| |_|_| |_\__, | / / / /
 =========|_|==============|___/=/_/_/_/
 :: Spring Boot ::                (v3.0.1)

2023-04-10T11:35:22.481-05:00  INFO 6588 --- [    Test worker] c.e.u.proyecto.test.ProductoTest         : Starting ProductoTest using Java 17.0.6 with PID 6588 (started by acer in D:\Ing. de Sistemas y Computacion\10.Decimo Semestre\Programación Avanzada\Programas\UniMarket)
2023-04-10T11:35:22.484-05:00  INFO 6588 --- [    Test worker] c.e.u.proyecto.test.ProductoTest         : No active profile set, falling back to 1 default profile: "default"
2023-04-10T11:35:23.699-05:00  INFO 6588 --- [    Test worker] .s.d.r.c.RepositoryConfigurationDelegate : Bootstrapping Spring Data JPA repositories in DEFAULT mode.
2023-04-10T11:35:23.858-05:00  INFO 6588 --- [    Test worker] .s.d.r.c.RepositoryConfigurationDelegate : Finished Spring Data repository scanning in 144 ms. Found 9 JPA repository interfaces.
2023-04-10T11:35:24.656-05:00  INFO 6588 --- [    Test worker] o.hibernate.jpa.internal.util.LogHelper  : HHH000204: Processing PersistenceUnitInfo [name: default]
2023-04-10T11:35:24.757-05:00  INFO 6588 --- [    Test worker] org.hibernate.Version                    : HHH000412: Hibernate ORM core version 6.1.6.Final
2023-04-10T11:35:25.122-05:00  WARN 6588 --- [    Test worker] org.hibernate.orm.deprecation            : HHH90000021: Encountered deprecated setting [javax.persistence.sharedCache.mode], use [jakarta.persistence.sharedCache.mode] instead
2023-04-10T11:35:25.369-05:00  INFO 6588 --- [    Test worker] com.zaxxer.hikari.HikariDataSource       : HikariPool-1 - Starting...
2023-04-10T11:35:25.895-05:00  INFO 6588 --- [    Test worker] com.zaxxer.hikari.pool.HikariPool        : HikariPool-1 - Added connection com.mysql.cj.jdbc.ConnectionImpl@7bbdb220
2023-04-10T11:35:25.899-05:00  INFO 6588 --- [    Test worker] com.zaxxer.hikari.HikariDataSource       : HikariPool-1 - Start completed.
2023-04-10T11:35:25.999-05:00  INFO 6588 --- [    Test worker] SQL dialect                              : HHH000400: Using dialect: org.hibernate.dialect.MySQLDialect
2023-04-10T11:35:26.464-05:00  WARN 6588 --- [    Test worker] org.hibernate.cfg.AnnotationBinder       : HHH000503: A class should not be annotated with both @Inheritance and @MappedSuperclass. @Inheritance will be ignored for: co.edu.uniquindio.proyecto.entidades.Persona.
2023-04-10T11:35:28.070-05:00  INFO 6588 --- [    Test worker] o.h.e.t.j.p.i.JtaPlatformInitiator       : HHH000490: Using JtaPlatform implementation: [org.hibernate.engine.transaction.jta.platform.internal.NoJtaPlatform]
2023-04-10T11:35:28.085-05:00  INFO 6588 --- [    Test worker] j.LocalContainerEntityManagerFactoryBean : Initialized JPA EntityManagerFactory for persistence unit 'default'
2023-04-10T11:35:29.586-05:00  WARN 6588 --- [    Test worker] JpaBaseConfiguration$JpaWebConfiguration : spring.jpa.open-in-view is enabled by default. Therefore, database queries may be performed during view rendering. Explicitly configure spring.jpa.open-in-view to disable this warning
2023-04-10T11:35:30.358-05:00  INFO 6588 --- [    Test worker] c.e.u.proyecto.test.ProductoTest         : Started ProductoTest in 8.33 seconds (process running for 10.485)
Hibernate: select u1_0.codigo,u1_0.direccion,u1_0.email,u1_0.nombre,u1_0.password,u1_0.telefono from usuario u1_0 where u1_0.codigo=?
Hibernate: insert into producto (descripcion, disponibilidad, fecha_limite, moderador_codigo, nombre, precio, unidades, usuario_codigo) values (?, ?, ?, ?, ?, ?, ?, ?)
Sombras
]]></system-out>
  <system-err><![CDATA[]]></system-err>
</testsuite>
